# JRE version: Java(TM) SE Runtime Environment (8.0_231-b11) (build 1.8.0_231-b11)
# Java VM: Java HotSpot(TM) 64-Bit Server VM (25.231-b11 mixed mode windows-amd64 compressed oops)
Heap:
 PSYoungGen      total 379904K, used 142371K [0x000000076b600000, 0x0000000784780000, 0x00000007c0000000)
  eden space 365568K, 35% used [0x000000076b600000,0x000000077330c910,0x0000000781b00000)
  from space 14336K, 99% used [0x0000000782c00000,0x00000007839fc610,0x0000000783a00000)
  to   space 17408K, 0% used [0x0000000781b00000,0x0000000781b00000,0x0000000782c00000)
 ParOldGen       total 141312K, used 24009K [0x00000006c2200000, 0x00000006cac00000, 0x000000076b600000)
  object space 141312K, 16% used [0x00000006c2200000,0x00000006c39727b0,0x00000006cac00000)
 Metaspace       used 53769K, capacity 54452K, committed 54784K, reserved 1097728K
  class space    used 6423K, capacity 6568K, committed 6656K, reserved 1048576K
GC Heap History (10 events):
Event: 11.210 GC heap before
{Heap before GC invocations=8 (full 1):
 PSYoungGen      total 188416K, used 87830K [0x000000076b600000, 0x0000000778e00000, 0x00000007c0000000)
  eden space 177152K, 43% used [0x000000076b600000,0x00000007701944a8,0x0000000776300000)
  from space 11264K, 92% used [0x0000000776f00000,0x00000007779315a8,0x0000000777a00000)
  to   space 12288K, 0% used [0x0000000776300000,0x0000000776300000,0x0000000776f00000)
 ParOldGen       total 95232K, used 9759K [0x00000006c2200000, 0x00000006c7f00000, 0x000000076b600000)
  object space 95232K, 10% used [0x00000006c2200000,0x00000006c2b87dd0,0x00000006c7f00000)
 Metaspace       used 34847K, capacity 35200K, committed 35416K, reserved 1081344K
  class space    used 4224K, capacity 4323K, committed 4352K, reserved 1048576K
Event: 11.222 GC heap after
Heap after GC invocations=8 (full 1):
 PSYoungGen      total 189440K, used 12269K [0x000000076b600000, 0x000000077f080000, 0x00000007c0000000)
  eden space 177152K, 0% used [0x000000076b600000,0x000000076b600000,0x0000000776300000)
  from space 12288K, 99% used [0x0000000776300000,0x0000000776efb6c8,0x0000000776f00000)
  to   space 15360K, 0% used [0x000000077e180000,0x000000077e180000,0x000000077f080000)
 ParOldGen       total 95232K, used 12058K [0x00000006c2200000, 0x00000006c7f00000, 0x000000076b600000)
  object space 95232K, 12% used [0x00000006c2200000,0x00000006c2dc6850,0x00000006c7f00000)
 Metaspace       used 34847K, capacity 35200K, committed 35416K, reserved 1081344K
  class space    used 4224K, capacity 4323K, committed 4352K, reserved 1048576K
}
Event: 11.222 GC heap before
{Heap before GC invocations=9 (full 2):
 PSYoungGen      total 189440K, used 12269K [0x000000076b600000, 0x000000077f080000, 0x00000007c0000000)
  eden space 177152K, 0% used [0x000000076b600000,0x000000076b600000,0x0000000776300000)
  from space 12288K, 99% used [0x0000000776300000,0x0000000776efb6c8,0x0000000776f00000)
  to   space 15360K, 0% used [0x000000077e180000,0x000000077e180000,0x000000077f080000)
 ParOldGen       total 95232K, used 12058K [0x00000006c2200000, 0x00000006c7f00000, 0x000000076b600000)
  object space 95232K, 12% used [0x00000006c2200000,0x00000006c2dc6850,0x00000006c7f00000)
 Metaspace       used 34847K, capacity 35200K, committed 35416K, reserved 1081344K
  class space    used 4224K, capacity 4323K, committed 4352K, reserved 1048576K
Event: 11.294 GC heap after
Heap after GC invocations=9 (full 2):
 PSYoungGen      total 189440K, used 0K [0x000000076b600000, 0x000000077f080000, 0x00000007c0000000)
  eden space 177152K, 0% used [0x000000076b600000,0x000000076b600000,0x0000000776300000)
  from space 12288K, 0% used [0x0000000776300000,0x0000000776300000,0x0000000776f00000)
  to   space 15360K, 0% used [0x000000077e180000,0x000000077e180000,0x000000077f080000)
 ParOldGen       total 141312K, used 20496K [0x00000006c2200000, 0x00000006cac00000, 0x000000076b600000)
  object space 141312K, 14% used [0x00000006c2200000,0x00000006c3604228,0x00000006cac00000)
 Metaspace       used 34847K, capacity 35200K, committed 35416K, reserved 1081344K
  class space    used 4224K, capacity 4323K, committed 4352K, reserved 1048576K
}
Event: 12.867 GC heap before
{Heap before GC invocations=10 (full 2):
 PSYoungGen      total 189440K, used 177152K [0x000000076b600000, 0x000000077f080000, 0x00000007c0000000)
  eden space 177152K, 100% used [0x000000076b600000,0x0000000776300000,0x0000000776300000)
  from space 12288K, 0% used [0x0000000776300000,0x0000000776300000,0x0000000776f00000)
  to   space 15360K, 0% used [0x000000077e180000,0x000000077e180000,0x000000077f080000)
 ParOldGen       total 141312K, used 20496K [0x00000006c2200000, 0x00000006cac00000, 0x000000076b600000)
  object space 141312K, 14% used [0x00000006c2200000,0x00000006c3604228,0x00000006cac00000)
 Metaspace       used 42890K, capacity 43314K, committed 43648K, reserved 1087488K
  class space    used 5270K, capacity 5382K, committed 5504K, reserved 1048576K
Event: 12.879 GC heap after
Heap after GC invocations=10 (full 2):
 PSYoungGen      total 287744K, used 9721K [0x000000076b600000, 0x000000077eb00000, 0x00000007c0000000)
  eden space 278016K, 0% used [0x000000076b600000,0x000000076b600000,0x000000077c580000)
  from space 9728K, 99% used [0x000000077e180000,0x000000077eafe6c8,0x000000077eb00000)
  to   space 14848K, 0% used [0x000000077ce00000,0x000000077ce00000,0x000000077dc80000)
 ParOldGen       total 141312K, used 20504K [0x00000006c2200000, 0x00000006cac00000, 0x000000076b600000)
  object space 141312K, 14% used [0x00000006c2200000,0x00000006c3606228,0x00000006cac00000)
 Metaspace       used 42890K, capacity 43314K, committed 43648K, reserved 1087488K
  class space    used 5270K, capacity 5382K, committed 5504K, reserved 1048576K
}
Event: 13.877 GC heap before
{Heap before GC invocations=11 (full 2):
 PSYoungGen      total 287744K, used 287737K [0x000000076b600000, 0x000000077eb00000, 0x00000007c0000000)
  eden space 278016K, 100% used [0x000000076b600000,0x000000077c580000,0x000000077c580000)
  from space 9728K, 99% used [0x000000077e180000,0x000000077eafe6c8,0x000000077eb00000)
  to   space 14848K, 0% used [0x000000077ce00000,0x000000077ce00000,0x000000077dc80000)
 ParOldGen       total 141312K, used 20504K [0x00000006c2200000, 0x00000006cac00000, 0x000000076b600000)
  object space 141312K, 14% used [0x00000006c2200000,0x00000006c3606228,0x00000006cac00000)
 Metaspace       used 46089K, capacity 46588K, committed 46848K, reserved 1091584K
  class space    used 5475K, capacity 5597K, committed 5632K, reserved 1048576K
Event: 13.885 GC heap after
Heap after GC invocations=11 (full 2):
 PSYoungGen      total 301568K, used 6906K [0x000000076b600000, 0x0000000783a00000, 0x00000007c0000000)
  eden space 286720K, 0% used [0x000000076b600000,0x000000076b600000,0x000000077ce00000)
  from space 14848K, 46% used [0x000000077ce00000,0x000000077d4be930,0x000000077dc80000)
  to   space 14336K, 0% used [0x0000000782c00000,0x0000000782c00000,0x0000000783a00000)
 ParOldGen       total 141312K, used 20520K [0x00000006c2200000, 0x00000006cac00000, 0x000000076b600000)
  object space 141312K, 14% used [0x00000006c2200000,0x00000006c360a240,0x00000006cac00000)
 Metaspace       used 46089K, capacity 46588K, committed 46848K, reserved 1091584K
  class space    used 5475K, capacity 5597K, committed 5632K, reserved 1048576K
}
Event: 16.919 GC heap before
{Heap before GC invocations=12 (full 2):
 PSYoungGen      total 301568K, used 293626K [0x000000076b600000, 0x0000000783a00000, 0x00000007c0000000)
  eden space 286720K, 100% used [0x000000076b600000,0x000000077ce00000,0x000000077ce00000)
  from space 14848K, 46% used [0x000000077ce00000,0x000000077d4be930,0x000000077dc80000)
  to   space 14336K, 0% used [0x0000000782c00000,0x0000000782c00000,0x0000000783a00000)
 ParOldGen       total 141312K, used 20520K [0x00000006c2200000, 0x00000006cac00000, 0x000000076b600000)
  object space 141312K, 14% used [0x00000006c2200000,0x00000006c360a240,0x00000006cac00000)
 Metaspace       used 52372K, capacity 53024K, committed 53248K, reserved 1095680K
  class space    used 6248K, capacity 6396K, committed 6400K, reserved 1048576K
Event: 16.941 GC heap after
Heap after GC invocations=12 (full 2):
 PSYoungGen      total 379904K, used 14321K [0x000000076b600000, 0x0000000784780000, 0x00000007c0000000)
  eden space 365568K, 0% used [0x000000076b600000,0x000000076b600000,0x0000000781b00000)
  from space 14336K, 99% used [0x0000000782c00000,0x00000007839fc610,0x0000000783a00000)
  to   space 17408K, 0% used [0x0000000781b00000,0x0000000781b00000,0x0000000782c00000)
 ParOldGen       total 141312K, used 24009K [0x00000006c2200000, 0x00000006cac00000, 0x000000076b600000)
  object space 141312K, 16% used [0x00000006c2200000,0x00000006c39727b0,0x00000006cac00000)
 Metaspace       used 52372K, capacity 53024K, committed 53248K, reserved 1095680K
  class space    used 6248K, capacity 6396K, committed 6400K, reserved 1048576K
}

