# JRE version: Java(TM) SE Runtime Environment (8.0_231-b11) (build 1.8.0_231-b11)
# Java VM: Java HotSpot(TM) 64-Bit Server VM (25.231-b11 mixed mode windows-amd64 compressed oops)
Heap:
 PSYoungGen      total 261120K, used 170589K [0x000000076b600000, 0x0000000783400000, 0x00000007c0000000)
  eden space 249856K, 64% used [0x000000076b600000,0x0000000775330c70,0x000000077aa00000)
  from space 11264K, 85% used [0x000000077aa00000,0x000000077b3667d8,0x000000077b500000)
  to   space 14336K, 0% used [0x0000000782600000,0x0000000782600000,0x0000000783400000)
 ParOldGen       total 103424K, used 22302K [0x00000006c2200000, 0x00000006c8700000, 0x000000076b600000)
  object space 103424K, 21% used [0x00000006c2200000,0x00000006c37c7a10,0x00000006c8700000)
 Metaspace       used 51533K, capacity 52160K, committed 52400K, reserved 1095680K
  class space    used 6164K, capacity 6320K, committed 6320K, reserved 1048576K
GC Heap History (10 events):
Event: 9.096 GC heap before
{Heap before GC invocations=7 (full 1):
 PSYoungGen      total 140800K, used 137892K [0x000000076b600000, 0x000000077c000000, 0x00000007c0000000)
  eden space 130048K, 100% used [0x000000076b600000,0x0000000773500000,0x0000000773500000)
  from space 10752K, 72% used [0x0000000773500000,0x0000000773ca9178,0x0000000773f80000)
  to   space 10240K, 0% used [0x000000077b600000,0x000000077b600000,0x000000077c000000)
 ParOldGen       total 75776K, used 6796K [0x00000006c2200000, 0x00000006c6c00000, 0x000000076b600000)
  object space 75776K, 8% used [0x00000006c2200000,0x00000006c28a30f0,0x00000006c6c00000)
 Metaspace       used 31211K, capacity 31606K, committed 31920K, reserved 1077248K
  class space    used 3802K, capacity 3900K, committed 4016K, reserved 1048576K
Event: 9.116 GC heap after
Heap after GC invocations=7 (full 1):
 PSYoungGen      total 260096K, used 10216K [0x000000076b600000, 0x000000077c000000, 0x00000007c0000000)
  eden space 249856K, 0% used [0x000000076b600000,0x000000076b600000,0x000000077aa00000)
  from space 10240K, 99% used [0x000000077b600000,0x000000077bffa208,0x000000077c000000)
  to   space 11264K, 0% used [0x000000077aa00000,0x000000077aa00000,0x000000077b500000)
 ParOldGen       total 75776K, used 6830K [0x00000006c2200000, 0x00000006c6c00000, 0x000000076b600000)
  object space 75776K, 9% used [0x00000006c2200000,0x00000006c28abba0,0x00000006c6c00000)
 Metaspace       used 31211K, capacity 31606K, committed 31920K, reserved 1077248K
  class space    used 3802K, capacity 3900K, committed 4016K, reserved 1048576K
}
Event: 11.205 GC heap before
{Heap before GC invocations=8 (full 1):
 PSYoungGen      total 260096K, used 128692K [0x000000076b600000, 0x000000077c000000, 0x00000007c0000000)
  eden space 249856K, 47% used [0x000000076b600000,0x00000007729b2f48,0x000000077aa00000)
  from space 10240K, 99% used [0x000000077b600000,0x000000077bffa208,0x000000077c000000)
  to   space 11264K, 0% used [0x000000077aa00000,0x000000077aa00000,0x000000077b500000)
 ParOldGen       total 75776K, used 6830K [0x00000006c2200000, 0x00000006c6c00000, 0x000000076b600000)
  object space 75776K, 9% used [0x00000006c2200000,0x00000006c28abba0,0x00000006c6c00000)
 Metaspace       used 34854K, capacity 35200K, committed 35496K, reserved 1081344K
  class space    used 4224K, capacity 4323K, committed 4400K, reserved 1048576K
Event: 11.216 GC heap after
Heap after GC invocations=8 (full 1):
 PSYoungGen      total 261120K, used 11246K [0x000000076b600000, 0x000000077c000000, 0x00000007c0000000)
  eden space 249856K, 0% used [0x000000076b600000,0x000000076b600000,0x000000077aa00000)
  from space 11264K, 99% used [0x000000077aa00000,0x000000077b4fb9e8,0x000000077b500000)
  to   space 10240K, 0% used [0x000000077b600000,0x000000077b600000,0x000000077c000000)
 ParOldGen       total 75776K, used 10495K [0x00000006c2200000, 0x00000006c6c00000, 0x000000076b600000)
  object space 75776K, 13% used [0x00000006c2200000,0x00000006c2c3fd58,0x00000006c6c00000)
 Metaspace       used 34854K, capacity 35200K, committed 35496K, reserved 1081344K
  class space    used 4224K, capacity 4323K, committed 4400K, reserved 1048576K
}
Event: 11.216 GC heap before
{Heap before GC invocations=9 (full 2):
 PSYoungGen      total 261120K, used 11246K [0x000000076b600000, 0x000000077c000000, 0x00000007c0000000)
  eden space 249856K, 0% used [0x000000076b600000,0x000000076b600000,0x000000077aa00000)
  from space 11264K, 99% used [0x000000077aa00000,0x000000077b4fb9e8,0x000000077b500000)
  to   space 10240K, 0% used [0x000000077b600000,0x000000077b600000,0x000000077c000000)
 ParOldGen       total 75776K, used 10495K [0x00000006c2200000, 0x00000006c6c00000, 0x000000076b600000)
  object space 75776K, 13% used [0x00000006c2200000,0x00000006c2c3fd58,0x00000006c6c00000)
 Metaspace       used 34854K, capacity 35200K, committed 35496K, reserved 1081344K
  class space    used 4224K, capacity 4323K, committed 4400K, reserved 1048576K
Event: 11.318 GC heap after
Heap after GC invocations=9 (full 2):
 PSYoungGen      total 261120K, used 0K [0x000000076b600000, 0x000000077c000000, 0x00000007c0000000)
  eden space 249856K, 0% used [0x000000076b600000,0x000000076b600000,0x000000077aa00000)
  from space 11264K, 0% used [0x000000077aa00000,0x000000077aa00000,0x000000077b500000)
  to   space 10240K, 0% used [0x000000077b600000,0x000000077b600000,0x000000077c000000)
 ParOldGen       total 103424K, used 20750K [0x00000006c2200000, 0x00000006c8700000, 0x000000076b600000)
  object space 103424K, 20% used [0x00000006c2200000,0x00000006c3643b48,0x00000006c8700000)
 Metaspace       used 34854K, capacity 35200K, committed 35496K, reserved 1081344K
  class space    used 4224K, capacity 4323K, committed 4400K, reserved 1048576K
}
Event: 13.216 GC heap before
{Heap before GC invocations=10 (full 2):
 PSYoungGen      total 261120K, used 249856K [0x000000076b600000, 0x000000077c000000, 0x00000007c0000000)
  eden space 249856K, 100% used [0x000000076b600000,0x000000077aa00000,0x000000077aa00000)
  from space 11264K, 0% used [0x000000077aa00000,0x000000077aa00000,0x000000077b500000)
  to   space 10240K, 0% used [0x000000077b600000,0x000000077b600000,0x000000077c000000)
 ParOldGen       total 103424K, used 20750K [0x00000006c2200000, 0x00000006c8700000, 0x000000076b600000)
  object space 103424K, 20% used [0x00000006c2200000,0x00000006c3643b48,0x00000006c8700000)
 Metaspace       used 44468K, capacity 44802K, committed 45232K, reserved 1089536K
  class space    used 5411K, capacity 5513K, committed 5552K, reserved 1048576K
Event: 13.223 GC heap after
Heap after GC invocations=10 (full 2):
 PSYoungGen      total 260096K, used 10229K [0x000000076b600000, 0x000000077c000000, 0x00000007c0000000)
  eden space 249856K, 0% used [0x000000076b600000,0x000000076b600000,0x000000077aa00000)
  from space 10240K, 99% used [0x000000077b600000,0x000000077bffd7b0,0x000000077c000000)
  to   space 11264K, 0% used [0x000000077aa00000,0x000000077aa00000,0x000000077b500000)
 ParOldGen       total 103424K, used 22294K [0x00000006c2200000, 0x00000006c8700000, 0x000000076b600000)
  object space 103424K, 21% used [0x00000006c2200000,0x00000006c37c5a10,0x00000006c8700000)
 Metaspace       used 44468K, capacity 44802K, committed 45232K, reserved 1089536K
  class space    used 5411K, capacity 5513K, committed 5552K, reserved 1048576K
}
Event: 15.550 GC heap before
{Heap before GC invocations=11 (full 2):
 PSYoungGen      total 260096K, used 260085K [0x000000076b600000, 0x000000077c000000, 0x00000007c0000000)
  eden space 249856K, 100% used [0x000000076b600000,0x000000077aa00000,0x000000077aa00000)
  from space 10240K, 99% used [0x000000077b600000,0x000000077bffd7b0,0x000000077c000000)
  to   space 11264K, 0% used [0x000000077aa00000,0x000000077aa00000,0x000000077b500000)
 ParOldGen       total 103424K, used 22294K [0x00000006c2200000, 0x00000006c8700000, 0x000000076b600000)
  object space 103424K, 21% used [0x00000006c2200000,0x00000006c37c5a10,0x00000006c8700000)
 Metaspace       used 49132K, capacity 49714K, committed 50096K, reserved 1093632K
  class space    used 5863K, capacity 6013K, committed 6064K, reserved 1048576K
Event: 15.559 GC heap after
Heap after GC invocations=11 (full 2):
 PSYoungGen      total 261120K, used 9625K [0x000000076b600000, 0x0000000783400000, 0x00000007c0000000)
  eden space 249856K, 0% used [0x000000076b600000,0x000000076b600000,0x000000077aa00000)
  from space 11264K, 85% used [0x000000077aa00000,0x000000077b3667d8,0x000000077b500000)
  to   space 14336K, 0% used [0x0000000782600000,0x0000000782600000,0x0000000783400000)
 ParOldGen       total 103424K, used 22302K [0x00000006c2200000, 0x00000006c8700000, 0x000000076b600000)
  object space 103424K, 21% used [0x00000006c2200000,0x00000006c37c7a10,0x00000006c8700000)
 Metaspace       used 49132K, capacity 49714K, committed 50096K, reserved 1093632K
  class space    used 5863K, capacity 6013K, committed 6064K, reserved 1048576K
}

