# JRE version: Java(TM) SE Runtime Environment (8.0_231-b11) (build 1.8.0_231-b11)
# Java VM: Java HotSpot(TM) 64-Bit Server VM (25.231-b11 mixed mode windows-amd64 compressed oops)
Heap:
 PSYoungGen      total 430080K, used 276813K [0x00000000e4d80000, 0x0000000100000000, 0x0000000100000000)
  eden space 418304K, 63% used [0x00000000e4d80000,0x00000000f5075070,0x00000000fe600000)
  from space 11776K, 98% used [0x00000000ff480000,0x00000000fffde638,0x0000000100000000)
  to   space 13312K, 0% used [0x00000000fe600000,0x00000000fe600000,0x00000000ff300000)
 ParOldGen       total 205312K, used 30291K [0x00000000ae800000, 0x00000000bb080000, 0x00000000e4d80000)
  object space 205312K, 14% used [0x00000000ae800000,0x00000000b0594d90,0x00000000bb080000)
 Metaspace       used 65484K, capacity 66310K, committed 66688K, reserved 1107968K
  class space    used 7840K, capacity 8013K, committed 8064K, reserved 1048576K
GC Heap History (10 events):
Event: 15.704 GC heap before
{Heap before GC invocations=15 (full 2):
 PSYoungGen      total 317952K, used 312076K [0x00000000e4d80000, 0x00000000f9480000, 0x0000000100000000)
  eden space 306688K, 100% used [0x00000000e4d80000,0x00000000f7900000,0x00000000f7900000)
  from space 11264K, 47% used [0x00000000f8400000,0x00000000f89432a0,0x00000000f8f00000)
  to   space 11264K, 0% used [0x00000000f7900000,0x00000000f7900000,0x00000000f8400000)
 ParOldGen       total 138240K, used 26434K [0x00000000ae800000, 0x00000000b6f00000, 0x00000000e4d80000)
  object space 138240K, 19% used [0x00000000ae800000,0x00000000b01d0a98,0x00000000b6f00000)
 Metaspace       used 50685K, capacity 51236K, committed 51840K, reserved 1095680K
  class space    used 6064K, capacity 6186K, committed 6272K, reserved 1048576K
Event: 15.707 GC heap after
Heap after GC invocations=15 (full 2):
 PSYoungGen      total 317952K, used 1270K [0x00000000e4d80000, 0x00000000fe300000, 0x0000000100000000)
  eden space 306688K, 0% used [0x00000000e4d80000,0x00000000e4d80000,0x00000000f7900000)
  from space 11264K, 11% used [0x00000000f7900000,0x00000000f7a3d938,0x00000000f8400000)
  to   space 11776K, 0% used [0x00000000fd780000,0x00000000fd780000,0x00000000fe300000)
 ParOldGen       total 138240K, used 28050K [0x00000000ae800000, 0x00000000b6f00000, 0x00000000e4d80000)
  object space 138240K, 20% used [0x00000000ae800000,0x00000000b0364b88,0x00000000b6f00000)
 Metaspace       used 50685K, capacity 51236K, committed 51840K, reserved 1095680K
  class space    used 6064K, capacity 6186K, committed 6272K, reserved 1048576K
}
Event: 17.801 GC heap before
{Heap before GC invocations=16 (full 2):
 PSYoungGen      total 317952K, used 307958K [0x00000000e4d80000, 0x00000000fe300000, 0x0000000100000000)
  eden space 306688K, 100% used [0x00000000e4d80000,0x00000000f7900000,0x00000000f7900000)
  from space 11264K, 11% used [0x00000000f7900000,0x00000000f7a3d938,0x00000000f8400000)
  to   space 11776K, 0% used [0x00000000fd780000,0x00000000fd780000,0x00000000fe300000)
 ParOldGen       total 138240K, used 28050K [0x00000000ae800000, 0x00000000b6f00000, 0x00000000e4d80000)
  object space 138240K, 20% used [0x00000000ae800000,0x00000000b0364b88,0x00000000b6f00000)
 Metaspace       used 54473K, capacity 55118K, committed 55808K, reserved 1097728K
  class space    used 6409K, capacity 6530K, committed 6656K, reserved 1048576K
Event: 17.806 GC heap after
Heap after GC invocations=16 (full 2):
 PSYoungGen      total 387072K, used 4239K [0x00000000e4d80000, 0x00000000fdc00000, 0x0000000100000000)
  eden space 382464K, 0% used [0x00000000e4d80000,0x00000000e4d80000,0x00000000fc300000)
  from space 4608K, 91% used [0x00000000fd780000,0x00000000fdba3d28,0x00000000fdc00000)
  to   space 11776K, 0% used [0x00000000fc500000,0x00000000fc500000,0x00000000fd080000)
 ParOldGen       total 138240K, used 28058K [0x00000000ae800000, 0x00000000b6f00000, 0x00000000e4d80000)
  object space 138240K, 20% used [0x00000000ae800000,0x00000000b0366b88,0x00000000b6f00000)
 Metaspace       used 54473K, capacity 55118K, committed 55808K, reserved 1097728K
  class space    used 6409K, capacity 6530K, committed 6656K, reserved 1048576K
}
Event: 21.021 GC heap before
{Heap before GC invocations=17 (full 2):
 PSYoungGen      total 387072K, used 89681K [0x00000000e4d80000, 0x00000000fdc00000, 0x0000000100000000)
  eden space 382464K, 22% used [0x00000000e4d80000,0x00000000ea0f08a8,0x00000000fc300000)
  from space 4608K, 91% used [0x00000000fd780000,0x00000000fdba3d28,0x00000000fdc00000)
  to   space 11776K, 0% used [0x00000000fc500000,0x00000000fc500000,0x00000000fd080000)
 ParOldGen       total 138240K, used 28058K [0x00000000ae800000, 0x00000000b6f00000, 0x00000000e4d80000)
  object space 138240K, 20% used [0x00000000ae800000,0x00000000b0366b88,0x00000000b6f00000)
 Metaspace       used 57806K, capacity 58564K, committed 59008K, reserved 1101824K
  class space    used 6852K, capacity 7010K, committed 7040K, reserved 1048576K
Event: 21.028 GC heap after
Heap after GC invocations=17 (full 2):
 PSYoungGen      total 396288K, used 8197K [0x00000000e4d80000, 0x0000000100000000, 0x0000000100000000)
  eden space 384512K, 0% used [0x00000000e4d80000,0x00000000e4d80000,0x00000000fc500000)
  from space 11776K, 69% used [0x00000000fc500000,0x00000000fcd01480,0x00000000fd080000)
  to   space 11776K, 0% used [0x00000000ff480000,0x00000000ff480000,0x0000000100000000)
 ParOldGen       total 138240K, used 28066K [0x00000000ae800000, 0x00000000b6f00000, 0x00000000e4d80000)
  object space 138240K, 20% used [0x00000000ae800000,0x00000000b0368b88,0x00000000b6f00000)
 Metaspace       used 57806K, capacity 58564K, committed 59008K, reserved 1101824K
  class space    used 6852K, capacity 7010K, committed 7040K, reserved 1048576K
}
Event: 21.028 GC heap before
{Heap before GC invocations=18 (full 3):
 PSYoungGen      total 396288K, used 8197K [0x00000000e4d80000, 0x0000000100000000, 0x0000000100000000)
  eden space 384512K, 0% used [0x00000000e4d80000,0x00000000e4d80000,0x00000000fc500000)
  from space 11776K, 69% used [0x00000000fc500000,0x00000000fcd01480,0x00000000fd080000)
  to   space 11776K, 0% used [0x00000000ff480000,0x00000000ff480000,0x0000000100000000)
 ParOldGen       total 138240K, used 28066K [0x00000000ae800000, 0x00000000b6f00000, 0x00000000e4d80000)
  object space 138240K, 20% used [0x00000000ae800000,0x00000000b0368b88,0x00000000b6f00000)
 Metaspace       used 57806K, capacity 58564K, committed 59008K, reserved 1101824K
  class space    used 6852K, capacity 7010K, committed 7040K, reserved 1048576K
Event: 21.200 GC heap after
Heap after GC invocations=18 (full 3):
 PSYoungGen      total 396288K, used 0K [0x00000000e4d80000, 0x0000000100000000, 0x0000000100000000)
  eden space 384512K, 0% used [0x00000000e4d80000,0x00000000e4d80000,0x00000000fc500000)
  from space 11776K, 0% used [0x00000000fc500000,0x00000000fc500000,0x00000000fd080000)
  to   space 11776K, 0% used [0x00000000ff480000,0x00000000ff480000,0x0000000100000000)
 ParOldGen       total 205312K, used 30283K [0x00000000ae800000, 0x00000000bb080000, 0x00000000e4d80000)
  object space 205312K, 14% used [0x00000000ae800000,0x00000000b0592d90,0x00000000bb080000)
 Metaspace       used 57806K, capacity 58564K, committed 59008K, reserved 1101824K
  class space    used 6852K, capacity 7010K, committed 7040K, reserved 1048576K
}
Event: 24.456 GC heap before
{Heap before GC invocations=19 (full 3):
 PSYoungGen      total 396288K, used 384512K [0x00000000e4d80000, 0x0000000100000000, 0x0000000100000000)
  eden space 384512K, 100% used [0x00000000e4d80000,0x00000000fc500000,0x00000000fc500000)
  from space 11776K, 0% used [0x00000000fc500000,0x00000000fc500000,0x00000000fd080000)
  to   space 11776K, 0% used [0x00000000ff480000,0x00000000ff480000,0x0000000100000000)
 ParOldGen       total 205312K, used 30283K [0x00000000ae800000, 0x00000000bb080000, 0x00000000e4d80000)
  object space 205312K, 14% used [0x00000000ae800000,0x00000000b0592d90,0x00000000bb080000)
 Metaspace       used 63329K, capacity 64146K, committed 64640K, reserved 1105920K
  class space    used 7570K, capacity 7765K, committed 7808K, reserved 1048576K
Event: 24.475 GC heap after
Heap after GC invocations=19 (full 3):
 PSYoungGen      total 430080K, used 11641K [0x00000000e4d80000, 0x0000000100000000, 0x0000000100000000)
  eden space 418304K, 0% used [0x00000000e4d80000,0x00000000e4d80000,0x00000000fe600000)
  from space 11776K, 98% used [0x00000000ff480000,0x00000000fffde638,0x0000000100000000)
  to   space 13312K, 0% used [0x00000000fe600000,0x00000000fe600000,0x00000000ff300000)
 ParOldGen       total 205312K, used 30291K [0x00000000ae800000, 0x00000000bb080000, 0x00000000e4d80000)
  object space 205312K, 14% used [0x00000000ae800000,0x00000000b0594d90,0x00000000bb080000)
 Metaspace       used 63329K, capacity 64146K, committed 64640K, reserved 1105920K
  class space    used 7570K, capacity 7765K, committed 7808K, reserved 1048576K
}

